<?xml version="1.0" encoding="UTF-8"?>
<!-- Generated by org.testng.reporters.JUnitReportReporter -->
<testsuite hostname="DESKTOP-JABGMRV" failures="0" tests="2" name="com.comcast.crm.contacttest.ContactModuleTest" time="13.499" errors="0" timestamp="27 Feb 2025 12:36:50 GMT" skipped="0">
  <testcase classname="com.comcast.crm.contacttest.ContactModuleTest" name="createContactWithSupportDate" time="6.791"/>
  <testcase classname="com.comcast.crm.contacttest.ContactModuleTest" name="createContact" time="6.708"/>
</testsuite> <!-- com.comcast.crm.contacttest.ContactModuleTest -->
